<?xml version="1.0" encoding="UTF-8"?>
<testsuite name="CaesarCipherTest" tests="4" skipped="0" failures="0" errors="0" timestamp="2020-04-27T14:27:07" hostname="paul-Satellite-L755D" time="0.006">
  <properties/>
  <testcase name="encryptText_instantiatesCorrectly_String" classname="CaesarCipherTest" time="0.003"/>
  <testcase name="encryptText_decipher_String" classname="CaesarCipherTest" time="0.0"/>
  <testcase name="encryptText_key_Integer" classname="CaesarCipherTest" time="0.0"/>
  <testcase name="encryptText_in_StringBuider" classname="CaesarCipherTest" time="0.001"/>
  <system-out><![CDATA[]]></system-out>
  <system-err><![CDATA[]]></system-err>
</testsuite>
